<?xml version="1.0" encoding="UTF-8"?>
<!-- Generated by org.testng.reporters.JUnitReportReporter -->
<testsuite skipped="0" hostname="LAPTOP-T2D0RNDH" name="com.demo.TestDemo" tests="1" failures="0" timestamp="15 Apr 2019 09:31:22 GMT" time="11.989" errors="0">
  <testcase name="userTest" time="11.989" classname="com.demo.TestDemo"/>
</testsuite> <!-- com.demo.TestDemo -->
